PS C:\Users\slabl\StudioProjects\TUI-ConsoleLauncher> gradle clean
>> gradle assembleDebug

Deprecated Gradle features were used in this build, making it incompatible with Gradle 9.0.

You can use '--warning-mode all' to show the individual deprecation warnings and determine if they come from your own scripts or plugins.

For more on this, please refer to https://docs.gradle.org/8.9/userguide/command_line_interface.html#sec:command_line_warnings in the Gradle documentation.

BUILD SUCCESSFUL in 19s
2 actionable tasks: 1 executed, 1 up-to-date
> Task :app:mergeExtDexFdroidDebug FAILED

FAILURE: Build failed with an exception.

* What went wrong:
Execution failed for task ':app:mergeExtDexFdroidDebug'.
> Could not resolve all files for configuration ':app:fdroidDebugRuntimeClasspath'.
   > Failed to transform appcompat-resources-1.6.1.aar (androidx.appcompat:appcompat-resources:1.6.1) to match attributes {artifactType=android-dex, dexing-component-attributes=ComponentSpecificParameters(minSdkVersion=21, debuggable=true, enableCoreLibraryDesugaring=false, enableGlobalSynthetics=false, enableApiModeling=false, dependenciesClassesAreInstrumented=false, asmTransformComponent=null, useJacocoTransformInstrumentation=false, enableDesugaring=true, needsClasspath=true, useFullClasspath=false, componentIfUsingFullClasspath=null), org.gradle.category=library, org.gradle.dependency.bundling=external, org.gradle.libraryelements=aar, org.gradle.status=release, org.gradle.usage=java-runtime}.
      > Execution failed for DexingWithClasspathTransform: C:\Users\slabl\.gradle\caches\8.9\transforms\64dbccd63d5090d7816891a126c5e97f\transformed\jetified-appcompat-resources-1.6.1-runtime.jar.
         > Error while dexing.
   > Failed to transform appcompat-1.6.1.aar (androidx.appcompat:appcompat:1.6.1) to match attributes {artifactType=android-dex, dexing-component-attributes=ComponentSpecificParameters(minSdkVersion=21, debuggable=true, enableCoreLibraryDesugaring=false, enableGlobalSynthetics=false, enableApiModeling=false, dependenciesClassesAreInstrumented=false, asmTransformComponent=null, useJacocoTransformInstrumentation=false, enableDesugaring=true, needsClasspath=true, useFullClasspath=false, componentIfUsingFullClasspath=null), org.gradle.category=library, org.gradle.dependency.bundling=external, org.gradle.libraryelements=aar, org.gradle.status=release, org.gradle.usage=java-runtime}.
      > Execution failed for DexingWithClasspathTransform: C:\Users\slabl\.gradle\caches\8.9\transforms\e1e1e5634cd7c0e652055040247fab20\transformed\appcompat-1.6.1-runtime.jar.
         > Error while dexing.
   > Failed to transform fragment-1.3.6.aar (androidx.fragment:fragment:1.3.6) to match attributes {artifactType=android-dex, dexing-component-attributes=ComponentSpecificParameters(minSdkVersion=21, debuggable=true, enableCoreLibraryDesugaring=false, enableGlobalSynthetics=false, enableApiModeling=false, dependenciesClassesAreInstrumented=false, asmTransformComponent=null, useJacocoTransformInstrumentation=false, enableDesugaring=true, needsClasspath=true, useFullClasspath=false, componentIfUsingFullClasspath=null), org.gradle.category=library, org.gradle.dependency.bundling=external, org.gradle.libraryelements=aar, org.gradle.status=release, org.gradle.usage=java-runtime}.
      > Execution failed for DexingWithClasspathTransform: C:\Users\slabl\.gradle\caches\8.9\transforms\b447d5c50cb6997b988ffe3cfe3fbce9\transformed\fragment-1.3.6-runtime.jar.
         > Error while dexing.
   > Failed to transform activity-1.6.0.aar (androidx.activity:activity:1.6.0) to match attributes {artifactType=android-dex, dexing-component-attributes=ComponentSpecificParameters(minSdkVersion=21, debuggable=true, enableCoreLibraryDesugaring=false, enableGlobalSynthetics=false, enableApiModeling=false, dependenciesClassesAreInstrumented=false, asmTransformComponent=null, useJacocoTransformInstrumentation=false, enableDesugaring=true, needsClasspath=true, useFullClasspath=false, componentIfUsingFullClasspath=null), org.gradle.category=library, org.gradle.dependency.bundling=external, org.gradle.libraryelements=aar, org.gradle.status=release, org.gradle.usage=java-runtime}.
      > Execution failed for DexingWithClasspathTransform: C:\Users\slabl\.gradle\caches\8.9\transforms\df7fd195fb9166b7b94a9f26fb67e43d\transformed\jetified-activity-1.6.0-runtime.jar.
         > Error while dexing.
   > Failed to transform drawerlayout-1.0.0.aar (androidx.drawerlayout:drawerlayout:1.0.0) to match attributes {artifactType=android-dex, dexing-component-attributes=ComponentSpecificParameters(minSdkVersion=21, debuggable=true, enableCoreLibraryDesugaring=false, enableGlobalSynthetics=false, enableApiModeling=false, dependenciesClassesAreInstrumented=false, asmTransformComponent=null, useJacocoTransformInstrumentation=false, enableDesugaring=true, needsClasspath=true, useFullClasspath=false, componentIfUsingFullClasspath=null), org.gradle.category=library, org.gradle.libraryelements=jar, org.gradle.status=release, org.gradle.usage=java-runtime}.
      > Execution failed for DexingWithClasspathTransform: C:\Users\slabl\.gradle\caches\8.9\transforms\82f8dd2fe9b50e2240d35f2f705b037f\transformed\drawerlayout-1.0.0-runtime.jar.
         > Error while dexing.
   > Failed to transform emoji2-views-helper-1.2.0.aar (androidx.emoji2:emoji2-views-helper:1.2.0) to match attributes {artifactType=android-dex, dexing-component-attributes=ComponentSpecificParameters(minSdkVersion=21, debuggable=true, enableCoreLibraryDesugaring=false, enableGlobalSynthetics=false, enableApiModeling=false, dependenciesClassesAreInstrumented=false, asmTransformComponent=null, useJacocoTransformInstrumentation=false, enableDesugaring=true, needsClasspath=true, useFullClasspath=false, componentIfUsingFullClasspath=null), org.gradle.category=library, org.gradle.dependency.bundling=external, org.gradle.libraryelements=aar, org.gradle.status=release, org.gradle.usage=java-runtime}.
      > Execution failed for DexingWithClasspathTransform: C:\Users\slabl\.gradle\caches\8.9\transforms\5378401b7754ccc2dad2d27bda8604f9\transformed\jetified-emoji2-views-helper-1.2.0-runtime.jar.
         > Error while dexing.
   > Failed to transform emoji2-1.2.0.aar (androidx.emoji2:emoji2:1.2.0) to match attributes {artifactType=android-dex, dexing-component-attributes=ComponentSpecificParameters(minSdkVersion=21, debuggable=true, enableCoreLibraryDesugaring=false, enableGlobalSynthetics=false, enableApiModeling=false, dependenciesClassesAreInstrumented=false, asmTransformComponent=null, useJacocoTransformInstrumentation=false, 
enableDesugaring=true, needsClasspath=true, useFullClasspath=false, componentIfUsingFullClasspath=null), org.gradle.category=library, org.gradle.dependency.bundling=external, org.gradle.libraryelements=aar, org.gradle.status=release, org.gradle.usage=java-runtime}.
      > Execution failed for DexingWithClasspathTransform: C:\Users\slabl\.gradle\caches\8.9\transforms\e3e8d001202fae8d5844176834bb5b12\transformed\jetified-emoji2-1.2.0-runtime.jar.
         > Error while dexing.
   > Failed to transform loader-1.0.0.aar (androidx.loader:loader:1.0.0) to match attributes {artifactType=android-dex, dexing-component-attributes=ComponentSpecificParameters(minSdkVersion=21, debuggable=true, enableCoreLibraryDesugaring=false, enableGlobalSynthetics=false, enableApiModeling=false, dependenciesClassesAreInstrumented=false, asmTransformComponent=null, useJacocoTransformInstrumentation=false, 
enableDesugaring=true, needsClasspath=true, useFullClasspath=false, componentIfUsingFullClasspath=null), org.gradle.category=library, org.gradle.libraryelements=jar, org.gradle.status=release, org.gradle.usage=java-runtime}.
      > Execution failed for DexingWithClasspathTransform: C:\Users\slabl\.gradle\caches\8.9\transforms\b8b5a76f6515bd7095b0d67089ae1299\transformed\loader-1.0.0-runtime.jar.
         > Error while dexing.
   > Failed to transform lifecycle-viewmodel-2.5.1.aar (androidx.lifecycle:lifecycle-viewmodel:2.5.1) to match attributes {artifactType=android-dex, dexing-component-attributes=ComponentSpecificParameters(minSdkVersion=21, debuggable=true, enableCoreLibraryDesugaring=false, enableGlobalSynthetics=false, enableApiModeling=false, dependenciesClassesAreInstrumented=false, asmTransformComponent=null, useJacocoTransformInstrumentation=false, enableDesugaring=true, needsClasspath=true, useFullClasspath=false, componentIfUsingFullClasspath=null), org.gradle.category=library, org.gradle.dependency.bundling=external, org.gradle.libraryelements=aar, org.gradle.status=release, org.gradle.usage=java-runtime}.
      > Execution failed for DexingWithClasspathTransform: C:\Users\slabl\.gradle\caches\8.9\transforms\1425cf26cb7ef486ff18d56f5c8a873c\transformed\lifecycle-viewmodel-2.5.1-runtime.jar.
         > Error while dexing.
   > Failed to transform lifecycle-viewmodel-savedstate-2.5.1.aar (androidx.lifecycle:lifecycle-viewmodel-savedstate:2.5.1) to match attributes {artifactType=android-dex, dexing-component-attributes=ComponentSpecificParameters(minSdkVersion=21, debuggable=true, enableCoreLibraryDesugaring=false, enableGlobalSynthetics=false, enableApiModeling=false, dependenciesClassesAreInstrumented=false, asmTransformComponent=null, useJacocoTransformInstrumentation=false, enableDesugaring=true, needsClasspath=true, useFullClasspath=false, componentIfUsingFullClasspath=null), org.gradle.category=library, org.gradle.dependency.bundling=external, org.gradle.libraryelements=aar, org.gradle.status=release, org.gradle.usage=java-runtime}.
      > Execution failed for DexingWithClasspathTransform: C:\Users\slabl\.gradle\caches\8.9\transforms\3efbb521b2b0e81500a1571261e91be6\transformed\jetified-lifecycle-viewmodel-savedstate-2.5.1-runtime.jar.
         > Error while dexing.
   > Failed to transform core-ktx-1.12.0.aar (androidx.core:core-ktx:1.12.0) to match attributes {artifactType=android-dex, dexing-component-attributes=ComponentSpecificParameters(minSdkVersion=21, debuggable=true, enableCoreLibraryDesugaring=false, enableGlobalSynthetics=false, enableApiModeling=false, dependenciesClassesAreInstrumented=false, asmTransformComponent=null, useJacocoTransformInstrumentation=false, enableDesugaring=true, needsClasspath=true, useFullClasspath=false, componentIfUsingFullClasspath=null), org.gradle.category=library, org.gradle.dependency.bundling=external, org.gradle.libraryelements=aar, org.gradle.status=release, org.gradle.usage=java-runtime}.
      > Execution failed for DexingWithClasspathTransform: C:\Users\slabl\.gradle\caches\8.9\transforms\1007e6883e9042afc0c7285cf27eaab4\transformed\jetified-core-ktx-1.12.0-runtime.jar.
         > Error while dexing.
   > Failed to transform vectordrawable-animated-1.1.0.aar (androidx.vectordrawable:vectordrawable-animated:1.1.0) to match attributes {artifactType=android-dex, dexing-component-attributes=ComponentSpecificParameters(minSdkVersion=21, debuggable=true, enableCoreLibraryDesugaring=false, enableGlobalSynthetics=false, enableApiModeling=false, dependenciesClassesAreInstrumented=false, asmTransformComponent=null, useJacocoTransformInstrumentation=false, enableDesugaring=true, needsClasspath=true, useFullClasspath=false, componentIfUsingFullClasspath=null), org.gradle.category=library, org.gradle.libraryelements=jar, org.gradle.status=release, org.gradle.usage=java-runtime}.
      > Execution failed for DexingWithClasspathTransform: C:\Users\slabl\.gradle\caches\8.9\transforms\5c0c13ea8a3e7dc82332c0ac0c22c247\transformed\vectordrawable-animated-1.1.0-runtime.jar.
         > Error while dexing.
   > Failed to transform vectordrawable-1.1.0.aar (androidx.vectordrawable:vectordrawable:1.1.0) to match attributes {artifactType=android-dex, dexing-component-attributes=ComponentSpecificParameters(minSdkVersion=21, debuggable=true, enableCoreLibraryDesugaring=false, enableGlobalSynthetics=false, enableApiModeling=false, dependenciesClassesAreInstrumented=false, asmTransformComponent=null, useJacocoTransformInstrumentation=false, enableDesugaring=true, needsClasspath=true, useFullClasspath=false, componentIfUsingFullClasspath=null), org.gradle.category=library, org.gradle.libraryelements=jar, org.gradle.status=release, org.gradle.usage=java-runtime}.
      > Execution failed for DexingWithClasspathTransform: C:\Users\slabl\.gradle\caches\8.9\transforms\7f5f73f4601e93d9041c086ec9afb891\transformed\vectordrawable-1.1.0-runtime.jar.
         > Error while dexing.
   > Failed to transform viewpager-1.0.0.aar (androidx.viewpager:viewpager:1.0.0) to match attributes {artifactType=android-dex, dexing-component-attributes=ComponentSpecificParameters(minSdkVersion=21, debuggable=true, enableCoreLibraryDesugaring=false, enableGlobalSynthetics=false, enableApiModeling=false, dependenciesClassesAreInstrumented=false, asmTransformComponent=null, useJacocoTransformInstrumentation=false, enableDesugaring=true, needsClasspath=true, useFullClasspath=false, componentIfUsingFullClasspath=null), org.gradle.category=library, org.gradle.libraryelements=jar, org.gradle.status=release, org.gradle.usage=java-runtime}.
      > Execution failed for DexingWithClasspathTransform: C:\Users\slabl\.gradle\caches\8.9\transforms\0fd95d4390da458820a4eb0ebd978b87\transformed\viewpager-1.0.0-runtime.jar.
         > Error while dexing.
   > Failed to transform customview-1.0.0.aar (androidx.customview:customview:1.0.0) to match attributes {artifactType=android-dex, dexing-component-attributes=ComponentSpecificParameters(minSdkVersion=21, 
debuggable=true, enableCoreLibraryDesugaring=false, enableGlobalSynthetics=false, enableApiModeling=false, dependenciesClassesAreInstrumented=false, asmTransformComponent=null, useJacocoTransformInstrumentation=false, enableDesugaring=true, needsClasspath=true, useFullClasspath=false, componentIfUsingFullClasspath=null), org.gradle.status=release, org.gradle.usage=java-runtime}.
      > Execution failed for DexingWithClasspathTransform: C:\Users\slabl\.gradle\caches\8.9\transforms\e4af49c4b02327ed830c5807601032d3\transformed\customview-1.0.0-runtime.jar.
         > Error while dexing.
   > Failed to transform core-1.12.0.aar (androidx.core:core:1.12.0) to match attributes {artifactType=android-dex, dexing-component-attributes=ComponentSpecificParameters(minSdkVersion=21, debuggable=true, enableCoreLibraryDesugaring=false, enableGlobalSynthetics=false, enableApiModeling=false, dependenciesClassesAreInstrumented=false, asmTransformComponent=null, useJacocoTransformInstrumentation=false, enableDesugaring=true, needsClasspath=true, useFullClasspath=false, componentIfUsingFullClasspath=null), org.gradle.category=library, org.gradle.dependency.bundling=external, org.gradle.libraryelements=aar, org.gradle.status=release, org.gradle.usage=java-runtime}.
      > Execution failed for DexingWithClasspathTransform: C:\Users\slabl\.gradle\caches\8.9\transforms\ef2a4d5b6ea81b1d3b989c3068eefd80\transformed\core-1.12.0-runtime.jar.
         > Error while dexing.
   > Failed to transform multidex-2.0.1.aar (androidx.multidex:multidex:2.0.1) to match attributes {artifactType=android-dex, dexing-component-attributes=ComponentSpecificParameters(minSdkVersion=21, debuggable=true, enableCoreLibraryDesugaring=false, enableGlobalSynthetics=false, enableApiModeling=false, dependenciesClassesAreInstrumented=false, asmTransformComponent=null, useJacocoTransformInstrumentation=false, enableDesugaring=true, needsClasspath=true, useFullClasspath=false, componentIfUsingFullClasspath=null), org.gradle.category=library, org.gradle.libraryelements=jar, org.gradle.status=release, org.gradle.usage=java-runtime}.
      > Execution failed for DexingWithClasspathTransform: C:\Users\slabl\.gradle\caches\8.9\transforms\44bac685312d081646b9f83fe1cc3032\transformed\multidex-2.0.1-runtime.jar.
         > Error while dexing.
   > Failed to transform security-crypto-1.1.0-alpha06.aar (androidx.security:security-crypto:1.1.0-alpha06) to match attributes {artifactType=android-dex, dexing-component-attributes=ComponentSpecificParameters(minSdkVersion=21, debuggable=true, enableCoreLibraryDesugaring=false, enableGlobalSynthetics=false, enableApiModeling=false, dependenciesClassesAreInstrumented=false, asmTransformComponent=null, useJacocoTransformInstrumentation=false, enableDesugaring=true, needsClasspath=true, useFullClasspath=false, componentIfUsingFullClasspath=null), org.gradle.category=library, org.gradle.dependency.bundling=external, org.gradle.libraryelements=aar, org.gradle.status=release, org.gradle.usage=java-runtime}.
      > Execution failed for DexingWithClasspathTransform: C:\Users\slabl\.gradle\caches\8.9\transforms\08e1e53e114112fbcf511a7aec0c37fa\transformed\jetified-security-crypto-1.1.0-alpha06-runtime.jar.      
         > Error while dexing.
   > Failed to transform logging-interceptor-4.12.0.jar (com.squareup.okhttp3:logging-interceptor:4.12.0) to match attributes {artifactType=android-dex, dexing-component-attributes=ComponentSpecificParameters(minSdkVersion=21, debuggable=true, enableCoreLibraryDesugaring=false, enableGlobalSynthetics=false, enableApiModeling=false, dependenciesClassesAreInstrumented=false, asmTransformComponent=null, useJacocoTransformInstrumentation=false, enableDesugaring=true, needsClasspath=true, useFullClasspath=false, componentIfUsingFullClasspath=null), org.gradle.category=library, org.gradle.dependency.bundling=external, org.gradle.jvm.environment=standard-jvm, org.gradle.jvm.version=8, org.gradle.libraryelements=jar, org.gradle.status=release, org.gradle.usage=java-runtime, org.jetbrains.kotlin.platform.type=jvm}.       
      > Execution failed for DexingWithClasspathTransform: C:\Users\slabl\.gradle\caches\8.9\transforms\4431eca2ce205ecda931955f50190aca\transformed\jetified-logging-interceptor-4.12.0.jar.
         > Error while dexing.
   > Failed to transform okhttp-4.12.0.jar (com.squareup.okhttp3:okhttp:4.12.0) to match attributes {artifactType=android-dex, dexing-component-attributes=ComponentSpecificParameters(minSdkVersion=21, debuggable=true, enableCoreLibraryDesugaring=false, enableGlobalSynthetics=false, enableApiModeling=false, dependenciesClassesAreInstrumented=false, asmTransformComponent=null, useJacocoTransformInstrumentation=false, enableDesugaring=true, needsClasspath=true, useFullClasspath=false, componentIfUsingFullClasspath=null), org.gradle.category=library, org.gradle.dependency.bundling=external, org.gradle.jvm.environment=standard-jvm, org.gradle.jvm.version=8, org.gradle.libraryelements=jar, org.gradle.status=release, org.gradle.usage=java-runtime, org.jetbrains.kotlin.platform.type=jvm}.
      > Execution failed for DexingWithClasspathTransform: C:\Users\slabl\.gradle\caches\8.9\transforms\fc9c604031684c6ba0f77ecf18a2f5c7\transformed\jetified-okhttp-4.12.0.jar.
         > Error while dexing.
   > Failed to transform tink-android-1.8.0.jar (com.google.crypto.tink:tink-android:1.8.0) to match attributes {artifactType=android-dex, dexing-component-attributes=ComponentSpecificParameters(minSdkVersion=21, debuggable=true, enableCoreLibraryDesugaring=false, enableGlobalSynthetics=false, enableApiModeling=false, dependenciesClassesAreInstrumented=false, asmTransformComponent=null, useJacocoTransformInstrumentation=false, enableDesugaring=true, needsClasspath=true, useFullClasspath=false, componentIfUsingFullClasspath=null), org.gradle.category=library, org.gradle.libraryelements=jar, org.gradle.status=release, org.gradle.usage=java-runtime}.
      > Execution failed for DexingWithClasspathTransform: C:\Users\slabl\.gradle\caches\8.9\transforms\3f25a931ebdfde4d62876903b138c7f0\transformed\jetified-tink-android-1.8.0.jar.
         > Error while dexing.
   > Failed to transform gson-2.10.1.jar (com.google.code.gson:gson:2.10.1) to match attributes {artifactType=android-dex, dexing-component-attributes=ComponentSpecificParameters(minSdkVersion=21, debuggable=true, enableCoreLibraryDesugaring=false, enableGlobalSynthetics=false, enableApiModeling=false, dependenciesClassesAreInstrumented=false, asmTransformComponent=null, useJacocoTransformInstrumentation=false, enableDesugaring=true, needsClasspath=true, useFullClasspath=false, componentIfUsingFullClasspath=null), org.gradle.category=library, org.gradle.libraryelements=jar, org.gradle.status=release, org.gradle.usage=java-runtime}.
      > Execution failed for DexingWithClasspathTransform: C:\Users\slabl\.gradle\caches\8.9\transforms\9462dec16e3e71aa19601cbba69e753e\transformed\jetified-gson-2.10.1.jar.
         > Error while dexing.
   > Failed to transform htmlcleaner-2.29.jar (net.sourceforge.htmlcleaner:htmlcleaner:2.29) to match attributes {artifactType=android-dex, dexing-component-attributes=ComponentSpecificParameters(minSdkVersion=21, debuggable=true, enableCoreLibraryDesugaring=false, enableGlobalSynthetics=false, enableApiModeling=false, dependenciesClassesAreInstrumented=false, asmTransformComponent=null, useJacocoTransformInstrumentation=false, enableDesugaring=true, needsClasspath=true, useFullClasspath=false, componentIfUsingFullClasspath=null), org.gradle.category=library, org.gradle.libraryelements=jar, org.gradle.status=release, org.gradle.usage=java-runtime}.
      > Execution failed for DexingWithClasspathTransform: C:\Users\slabl\.gradle\caches\8.9\transforms\39f3218fc764491360049d7cc543d6c2\transformed\jetified-htmlcleaner-2.29.jar.
         > Error while dexing.
   > Failed to transform json-path-2.9.0.jar (com.jayway.jsonpath:json-path:2.9.0) to match attributes {artifactType=android-dex, dexing-component-attributes=ComponentSpecificParameters(minSdkVersion=21, debuggable=true, enableCoreLibraryDesugaring=false, enableGlobalSynthetics=false, enableApiModeling=false, dependenciesClassesAreInstrumented=false, asmTransformComponent=null, useJacocoTransformInstrumentation=false, enableDesugaring=true, needsClasspath=true, useFullClasspath=false, componentIfUsingFullClasspath=null), org.gradle.category=library, org.gradle.dependency.bundling=external, org.gradle.jvm.version=8, org.gradle.libraryelements=jar, org.gradle.status=release, org.gradle.usage=java-runtime}.
      > Execution failed for DexingWithClasspathTransform: C:\Users\slabl\.gradle\caches\8.9\transforms\449b18879dc86db5ecc7c279c57d92d2\transformed\jetified-json-path-2.9.0.jar.
         > Error while dexing.
   > Failed to transform jsoup-1.17.2.jar (org.jsoup:jsoup:1.17.2) to match attributes {artifactType=android-dex, dexing-component-attributes=ComponentSpecificParameters(minSdkVersion=21, debuggable=true, enableCoreLibraryDesugaring=false, enableGlobalSynthetics=false, enableApiModeling=false, dependenciesClassesAreInstrumented=false, asmTransformComponent=null, useJacocoTransformInstrumentation=false, enableDesugaring=true, needsClasspath=true, useFullClasspath=false, componentIfUsingFullClasspath=null), org.gradle.category=library, org.gradle.libraryelements=jar, org.gradle.status=release, org.gradle.usage=java-runtime}.
      > Execution failed for DexingWithClasspathTransform: C:\Users\slabl\.gradle\caches\8.9\transforms\6d8ed207b68b9e50ca0e52abe6ce5c9f\transformed\jetified-jsoup-1.17.2.jar.
         > Error while dexing.
   > Failed to transform CompareString2-1.0.9.jar (it.andreuzzi:CompareString2:1.0.9) to match attributes {artifactType=android-dex, dexing-component-attributes=ComponentSpecificParameters(minSdkVersion=21, debuggable=true, enableCoreLibraryDesugaring=false, enableGlobalSynthetics=false, enableApiModeling=false, dependenciesClassesAreInstrumented=false, asmTransformComponent=null, useJacocoTransformInstrumentation=false, enableDesugaring=true, needsClasspath=true, useFullClasspath=false, componentIfUsingFullClasspath=null), org.gradle.category=library, org.gradle.libraryelements=jar, org.gradle.status=release, 
org.gradle.usage=java-runtime}.
      > Execution failed for DexingWithClasspathTransform: C:\Users\slabl\.gradle\caches\8.9\transforms\d23229e06c4ab945223c3aec98e95ab3\transformed\jetified-CompareString2-1.0.9.jar.
         > Error while dexing.
   > Failed to transform cursoradapter-1.0.0.aar (androidx.cursoradapter:cursoradapter:1.0.0) to match attributes {artifactType=android-dex, dexing-component-attributes=ComponentSpecificParameters(minSdkVersion=21, debuggable=true, enableCoreLibraryDesugaring=false, enableGlobalSynthetics=false, enableApiModeling=false, dependenciesClassesAreInstrumented=false, asmTransformComponent=null, useJacocoTransformInstrumentation=false, enableDesugaring=true, needsClasspath=true, useFullClasspath=false, componentIfUsingFullClasspath=null), org.gradle.category=library, org.gradle.libraryelements=jar, org.gradle.status=release, org.gradle.usage=java-runtime}.
      > Execution failed for DexingWithClasspathTransform: C:\Users\slabl\.gradle\caches\8.9\transforms\22123ead0c83f121cd1dcdab822c58bc\transformed\cursoradapter-1.0.0-runtime.jar.
         > Error while dexing.
   > Failed to transform lifecycle-process-2.4.1.aar (androidx.lifecycle:lifecycle-process:2.4.1) to match attributes {artifactType=android-dex, dexing-component-attributes=ComponentSpecificParameters(minSdkVersion=21, debuggable=true, enableCoreLibraryDesugaring=false, enableGlobalSynthetics=false, enableApiModeling=false, dependenciesClassesAreInstrumented=false, asmTransformComponent=null, useJacocoTransformInstrumentation=false, enableDesugaring=true, needsClasspath=true, useFullClasspath=false, componentIfUsingFullClasspath=null), org.gradle.category=library, org.gradle.dependency.bundling=external, org.gradle.libraryelements=aar, org.gradle.status=release, org.gradle.usage=java-runtime}.
      > Execution failed for DexingWithClasspathTransform: C:\Users\slabl\.gradle\caches\8.9\transforms\cd4409a93a38da2a49061a6329b4fa42\transformed\jetified-lifecycle-process-2.4.1-runtime.jar.
         > Error while dexing.
   > Failed to transform lifecycle-runtime-2.5.1.aar (androidx.lifecycle:lifecycle-runtime:2.5.1) to match attributes {artifactType=android-dex, dexing-component-attributes=ComponentSpecificParameters(minSdkVersion=21, debuggable=true, enableCoreLibraryDesugaring=false, enableGlobalSynthetics=false, enableApiModeling=false, dependenciesClassesAreInstrumented=false, asmTransformComponent=null, useJacocoTransformInstrumentation=false, enableDesugaring=true, needsClasspath=true, useFullClasspath=false, componentIfUsingFullClasspath=null), org.gradle.category=library, org.gradle.dependency.bundling=external, org.gradle.libraryelements=aar, org.gradle.status=release, org.gradle.usage=java-runtime}.
      > Execution failed for DexingWithClasspathTransform: C:\Users\slabl\.gradle\caches\8.9\transforms\53d99e8803d9c59384117209024671fe\transformed\lifecycle-runtime-2.5.1-runtime.jar.
         > Error while dexing.
   > Failed to transform resourceinspection-annotation-1.0.1.jar (androidx.resourceinspection:resourceinspection-annotation:1.0.1) to match attributes {artifactType=android-dex, dexing-component-attributes=ComponentSpecificParameters(minSdkVersion=21, debuggable=true, enableCoreLibraryDesugaring=false, enableGlobalSynthetics=false, enableApiModeling=false, dependenciesClassesAreInstrumented=false, asmTransformComponent=null, useJacocoTransformInstrumentation=false, enableDesugaring=true, needsClasspath=true, useFullClasspath=false, componentIfUsingFullClasspath=null), org.gradle.category=library, org.gradle.dependency.bundling=external, org.gradle.jvm.version=8, org.gradle.libraryelements=jar, org.gradle.status=release, org.gradle.usage=java-runtime}.
      > Execution failed for DexingWithClasspathTransform: C:\Users\slabl\.gradle\caches\8.9\transforms\f683d98f22d71b82c6d45c9024347a22\transformed\jetified-resourceinspection-annotation-1.0.1.jar.        
         > Error while dexing.
   > Failed to transform savedstate-1.2.0.aar (androidx.savedstate:savedstate:1.2.0) to match attributes {artifactType=android-dex, dexing-component-attributes=ComponentSpecificParameters(minSdkVersion=21, 
debuggable=true, enableCoreLibraryDesugaring=false, enableGlobalSynthetics=false, enableApiModeling=false, dependenciesClassesAreInstrumented=false, asmTransformComponent=null, useJacocoTransformInstrumentation=false, enableDesugaring=true, needsClasspath=true, useFullClasspath=false, componentIfUsingFullClasspath=null), org.gradle.category=library, org.gradle.dependency.bundling=external, org.gradle.libraryelements=aar, org.gradle.status=release, org.gradle.usage=java-runtime}.
      > Execution failed for DexingWithClasspathTransform: C:\Users\slabl\.gradle\caches\8.9\transforms\2c2a7e600c13a1e8ad23f567b515607d\transformed\jetified-savedstate-1.2.0-runtime.jar.
         > Error while dexing.
   > Failed to transform concurrent-futures-1.0.0.jar (androidx.concurrent:concurrent-futures:1.0.0) to match attributes {artifactType=android-dex, dexing-component-attributes=ComponentSpecificParameters(minSdkVersion=21, debuggable=true, enableCoreLibraryDesugaring=false, enableGlobalSynthetics=false, enableApiModeling=false, dependenciesClassesAreInstrumented=false, asmTransformComponent=null, useJacocoTransformInstrumentation=false, enableDesugaring=true, needsClasspath=true, useFullClasspath=false, componentIfUsingFullClasspath=null), org.gradle.category=library, org.gradle.libraryelements=jar, org.gradle.status=release, org.gradle.usage=java-runtime}.
      > Execution failed for DexingWithClasspathTransform: C:\Users\slabl\.gradle\caches\8.9\transforms\eae93f7b2ea7928867ff308cd644c6fa\transformed\jetified-concurrent-futures-1.0.0.jar.
         > Error while dexing.
   > Failed to transform interpolator-1.0.0.aar (androidx.interpolator:interpolator:1.0.0) to match attributes {artifactType=android-dex, dexing-component-attributes=ComponentSpecificParameters(minSdkVersion=21, debuggable=true, enableCoreLibraryDesugaring=false, enableGlobalSynthetics=false, enableApiModeling=false, dependenciesClassesAreInstrumented=false, asmTransformComponent=null, useJacocoTransformInstrumentation=false, enableDesugaring=true, needsClasspath=true, useFullClasspath=false, componentIfUsingFullClasspath=null), org.gradle.category=library, org.gradle.libraryelements=jar, org.gradle.status=release, org.gradle.usage=java-runtime}.
      > Execution failed for DexingWithClasspathTransform: C:\Users\slabl\.gradle\caches\8.9\transforms\21349cb64bb7c8bc8059b3b8ca9de758\transformed\interpolator-1.0.0-runtime.jar.
         > Error while dexing.
   > Failed to transform versionedparcelable-1.1.1.aar (androidx.versionedparcelable:versionedparcelable:1.1.1) to match attributes {artifactType=android-dex, dexing-component-attributes=ComponentSpecificParameters(minSdkVersion=21, debuggable=true, enableCoreLibraryDesugaring=false, enableGlobalSynthetics=false, enableApiModeling=false, dependenciesClassesAreInstrumented=false, asmTransformComponent=null, useJacocoTransformInstrumentation=false, enableDesugaring=true, needsClasspath=true, useFullClasspath=false, componentIfUsingFullClasspath=null), org.gradle.category=library, org.gradle.libraryelements=jar, org.gradle.status=release, org.gradle.usage=java-runtime}.
      > Execution failed for DexingWithClasspathTransform: C:\Users\slabl\.gradle\caches\8.9\transforms\2f92d21da22fb05720f42a2b4f1c9238\transformed\versionedparcelable-1.1.1-runtime.jar.
         > Error while dexing.
   > Failed to transform collection-1.1.0.jar (androidx.collection:collection:1.1.0) to match attributes {artifactType=android-dex, dexing-component-attributes=ComponentSpecificParameters(minSdkVersion=21, 
debuggable=true, enableCoreLibraryDesugaring=false, enableGlobalSynthetics=false, enableApiModeling=false, dependenciesClassesAreInstrumented=false, asmTransformComponent=null, useJacocoTransformInstrumentation=false, enableDesugaring=true, needsClasspath=true, useFullClasspath=false, componentIfUsingFullClasspath=null), org.gradle.category=library, org.gradle.libraryelements=jar, org.gradle.status=release, org.gradle.usage=java-runtime}.
      > Execution failed for DexingWithClasspathTransform: C:\Users\slabl\.gradle\caches\modules-2\files-2.1\androidx.collection\collection\1.1.0\1f27220b47669781457de0d600849a5de0e89909\collection-1.1.0.jar.
         > Error while dexing.
   > Failed to transform startup-runtime-1.1.1.aar (androidx.startup:startup-runtime:1.1.1) to match attributes {artifactType=android-dex, dexing-component-attributes=ComponentSpecificParameters(minSdkVersion=21, debuggable=true, enableCoreLibraryDesugaring=false, enableGlobalSynthetics=false, enableApiModeling=false, dependenciesClassesAreInstrumented=false, asmTransformComponent=null, useJacocoTransformInstrumentation=false, enableDesugaring=true, needsClasspath=true, useFullClasspath=false, componentIfUsingFullClasspath=null), org.gradle.category=library, org.gradle.dependency.bundling=external, org.gradle.libraryelements=aar, org.gradle.status=release, org.gradle.usage=java-runtime}.
      > Execution failed for DexingWithClasspathTransform: C:\Users\slabl\.gradle\caches\8.9\transforms\35e1a7b225a5e1c3ee58cec856264d15\transformed\jetified-startup-runtime-1.1.1-runtime.jar.
         > Error while dexing.
   > Failed to transform tracing-1.0.0.aar (androidx.tracing:tracing:1.0.0) to match attributes {artifactType=android-dex, dexing-component-attributes=ComponentSpecificParameters(minSdkVersion=21, debuggable=true, enableCoreLibraryDesugaring=false, enableGlobalSynthetics=false, enableApiModeling=false, dependenciesClassesAreInstrumented=false, asmTransformComponent=null, useJacocoTransformInstrumentation=false, enableDesugaring=true, needsClasspath=true, useFullClasspath=false, componentIfUsingFullClasspath=null), org.gradle.category=library, org.gradle.dependency.bundling=external, org.gradle.libraryelements=aar, org.gradle.status=release, org.gradle.usage=java-runtime}.
      > Execution failed for DexingWithClasspathTransform: C:\Users\slabl\.gradle\caches\8.9\transforms\38c5e3870228fb248828ac0f8f9687f6\transformed\jetified-tracing-1.0.0-runtime.jar.
         > Error while dexing.
   > Failed to transform lifecycle-livedata-2.0.0.aar (androidx.lifecycle:lifecycle-livedata:2.0.0) to match attributes {artifactType=android-dex, dexing-component-attributes=ComponentSpecificParameters(minSdkVersion=21, debuggable=true, enableCoreLibraryDesugaring=false, enableGlobalSynthetics=false, enableApiModeling=false, dependenciesClassesAreInstrumented=false, asmTransformComponent=null, useJacocoTransformInstrumentation=false, enableDesugaring=true, needsClasspath=true, useFullClasspath=false, componentIfUsingFullClasspath=null), org.gradle.status=release, org.gradle.usage=java-runtime}.
      > Execution failed for DexingWithClasspathTransform: C:\Users\slabl\.gradle\caches\8.9\transforms\750fd6c8211216a4fe8339a1583f0a72\transformed\lifecycle-livedata-2.0.0-runtime.jar.
         > Error while dexing.
   > Failed to transform lifecycle-livedata-core-2.5.1.aar (androidx.lifecycle:lifecycle-livedata-core:2.5.1) to match attributes {artifactType=android-dex, dexing-component-attributes=ComponentSpecificParameters(minSdkVersion=21, debuggable=true, enableCoreLibraryDesugaring=false, enableGlobalSynthetics=false, enableApiModeling=false, dependenciesClassesAreInstrumented=false, asmTransformComponent=null, useJacocoTransformInstrumentation=false, enableDesugaring=true, needsClasspath=true, useFullClasspath=false, componentIfUsingFullClasspath=null), org.gradle.category=library, org.gradle.dependency.bundling=external, org.gradle.libraryelements=aar, org.gradle.status=release, org.gradle.usage=java-runtime}.
      > Execution failed for DexingWithClasspathTransform: C:\Users\slabl\.gradle\caches\8.9\transforms\5875500dc1c55a8a1cc360007f682a3d\transformed\lifecycle-livedata-core-2.5.1-runtime.jar.
         > Error while dexing.
   > Failed to transform core-runtime-2.1.0.aar (androidx.arch.core:core-runtime:2.1.0) to match attributes {artifactType=android-dex, dexing-component-attributes=ComponentSpecificParameters(minSdkVersion=21, debuggable=true, enableCoreLibraryDesugaring=false, enableGlobalSynthetics=false, enableApiModeling=false, dependenciesClassesAreInstrumented=false, asmTransformComponent=null, useJacocoTransformInstrumentation=false, enableDesugaring=true, needsClasspath=true, useFullClasspath=false, componentIfUsingFullClasspath=null), org.gradle.category=library, org.gradle.libraryelements=jar, org.gradle.status=release, org.gradle.usage=java-runtime}.
      > Execution failed for DexingWithClasspathTransform: C:\Users\slabl\.gradle\caches\8.9\transforms\01c23235157a12d3a1b3f9c87e60f712\transformed\core-runtime-2.1.0-runtime.jar.
         > Error while dexing.
   > Failed to transform core-common-2.1.0.jar (androidx.arch.core:core-common:2.1.0) to match attributes {artifactType=android-dex, dexing-component-attributes=ComponentSpecificParameters(minSdkVersion=21, debuggable=true, enableCoreLibraryDesugaring=false, enableGlobalSynthetics=false, enableApiModeling=false, dependenciesClassesAreInstrumented=false, asmTransformComponent=null, useJacocoTransformInstrumentation=false, enableDesugaring=true, needsClasspath=true, useFullClasspath=false, componentIfUsingFullClasspath=null), org.gradle.category=library, org.gradle.libraryelements=jar, org.gradle.status=release, 
org.gradle.usage=java-runtime}.
      > Execution failed for DexingWithClasspathTransform: C:\Users\slabl\.gradle\caches\modules-2\files-2.1\androidx.arch.core\core-common\2.1.0\b3152fc64428c9354344bd89848ecddc09b6f07e\core-common-2.1.0.jar.
         > Error while dexing.
   > Failed to transform lifecycle-common-2.5.1.jar (androidx.lifecycle:lifecycle-common:2.5.1) to match attributes {artifactType=android-dex, dexing-component-attributes=ComponentSpecificParameters(minSdkVersion=21, debuggable=true, enableCoreLibraryDesugaring=false, enableGlobalSynthetics=false, enableApiModeling=false, dependenciesClassesAreInstrumented=false, asmTransformComponent=null, useJacocoTransformInstrumentation=false, enableDesugaring=true, needsClasspath=true, useFullClasspath=false, componentIfUsingFullClasspath=null), org.gradle.category=library, org.gradle.dependency.bundling=external, org.gradle.jvm.version=8, org.gradle.libraryelements=jar, org.gradle.status=release, org.gradle.usage=java-runtime}.
      > Execution failed for DexingWithClasspathTransform: C:\Users\slabl\.gradle\caches\modules-2\files-2.1\androidx.lifecycle\lifecycle-common\2.5.1\1fdb7349701e9cf2f0a69fc10642b6fef6bb3e12\lifecycle-common-2.5.1.jar.
         > Error while dexing.
   > Failed to transform annotation-experimental-1.3.0.aar (androidx.annotation:annotation-experimental:1.3.0) to match attributes {artifactType=android-dex, dexing-component-attributes=ComponentSpecificParameters(minSdkVersion=21, debuggable=true, enableCoreLibraryDesugaring=false, enableGlobalSynthetics=false, enableApiModeling=false, dependenciesClassesAreInstrumented=false, asmTransformComponent=null, useJacocoTransformInstrumentation=false, enableDesugaring=true, needsClasspath=true, useFullClasspath=false, componentIfUsingFullClasspath=null), org.gradle.category=library, org.gradle.dependency.bundling=external, org.gradle.libraryelements=aar, org.gradle.status=release, org.gradle.usage=java-runtime}.
      > Execution failed for DexingWithClasspathTransform: C:\Users\slabl\.gradle\caches\8.9\transforms\95ae99d0ec175ba46cb344beac511ceb\transformed\jetified-annotation-experimental-1.3.0-runtime.jar.      
         > Error while dexing.
   > Failed to transform annotation-jvm-1.6.0.jar (androidx.annotation:annotation-jvm:1.6.0) to match attributes {artifactType=android-dex, dexing-component-attributes=ComponentSpecificParameters(minSdkVersion=21, debuggable=true, enableCoreLibraryDesugaring=false, enableGlobalSynthetics=false, enableApiModeling=false, dependenciesClassesAreInstrumented=false, asmTransformComponent=null, useJacocoTransformInstrumentation=false, enableDesugaring=true, needsClasspath=true, useFullClasspath=false, componentIfUsingFullClasspath=null), org.gradle.category=library, org.gradle.libraryelements=jar, org.gradle.status=release, org.gradle.usage=java-runtime, org.jetbrains.kotlin.platform.type=jvm}.
      > Execution failed for DexingWithClasspathTransform: C:\Users\slabl\.gradle\caches\8.9\transforms\b8665fd2c029ceaed08c4c74fbca9690\transformed\jetified-annotation-jvm-1.6.0.jar.
         > Error while dexing.
   > Failed to transform okio-jvm-3.6.0.jar (com.squareup.okio:okio-jvm:3.6.0) to match attributes {artifactType=android-dex, dexing-component-attributes=ComponentSpecificParameters(minSdkVersion=21, debuggable=true, enableCoreLibraryDesugaring=false, enableGlobalSynthetics=false, enableApiModeling=false, dependenciesClassesAreInstrumented=false, asmTransformComponent=null, useJacocoTransformInstrumentation=false, enableDesugaring=true, needsClasspath=true, useFullClasspath=false, componentIfUsingFullClasspath=null), org.gradle.category=library, org.gradle.libraryelements=jar, org.gradle.status=release, org.gradle.usage=java-runtime, org.jetbrains.kotlin.platform.type=jvm}.
      > Execution failed for DexingWithClasspathTransform: C:\Users\slabl\.gradle\caches\8.9\transforms\f285993b56256497c4bc3d4cf90e55dd\transformed\jetified-okio-jvm-3.6.0.jar.
         > Error while dexing.
   > Failed to transform kotlinx-coroutines-core-jvm-1.6.1.jar (org.jetbrains.kotlinx:kotlinx-coroutines-core-jvm:1.6.1) to match attributes {artifactType=android-dex, dexing-component-attributes=ComponentSpecificParameters(minSdkVersion=21, debuggable=true, enableCoreLibraryDesugaring=false, enableGlobalSynthetics=false, enableApiModeling=false, dependenciesClassesAreInstrumented=false, asmTransformComponent=null, useJacocoTransformInstrumentation=false, enableDesugaring=true, needsClasspath=true, useFullClasspath=false, componentIfUsingFullClasspath=null), org.gradle.category=library, org.gradle.libraryelements=jar, org.gradle.status=release, org.gradle.usage=java-runtime, org.jetbrains.kotlin.platform.type=jvm}.
      > Execution failed for DexingWithClasspathTransform: C:\Users\slabl\.gradle\caches\8.9\transforms\6f9cb5f824d49346e4e91a706884dad2\transformed\jetified-kotlinx-coroutines-core-jvm-1.6.1.jar.
         > Error while dexing.
   > Failed to transform kotlinx-coroutines-android-1.6.1.jar (org.jetbrains.kotlinx:kotlinx-coroutines-android:1.6.1) to match attributes {artifactType=android-dex, dexing-component-attributes=ComponentSpecificParameters(minSdkVersion=21, debuggable=true, enableCoreLibraryDesugaring=false, enableGlobalSynthetics=false, enableApiModeling=false, dependenciesClassesAreInstrumented=false, asmTransformComponent=null, useJacocoTransformInstrumentation=false, enableDesugaring=true, needsClasspath=true, useFullClasspath=false, componentIfUsingFullClasspath=null), org.gradle.category=library, org.gradle.dependency.bundling=external, org.gradle.jvm.version=8, org.gradle.libraryelements=jar, org.gradle.status=release, org.gradle.usage=java-runtime, org.jetbrains.kotlin.platform.type=jvm}.
      > Execution failed for DexingWithClasspathTransform: C:\Users\slabl\.gradle\caches\8.9\transforms\e81ed9089bf6fa9b377a32bfddf17a35\transformed\jetified-kotlinx-coroutines-android-1.6.1.jar.
         > Error while dexing.
   > Failed to transform kotlin-stdlib-1.9.10.jar (org.jetbrains.kotlin:kotlin-stdlib:1.9.10) to match attributes {artifactType=android-dex, dexing-component-attributes=ComponentSpecificParameters(minSdkVersion=21, debuggable=true, enableCoreLibraryDesugaring=false, enableGlobalSynthetics=false, enableApiModeling=false, dependenciesClassesAreInstrumented=false, asmTransformComponent=null, useJacocoTransformInstrumentation=false, enableDesugaring=true, needsClasspath=true, useFullClasspath=false, componentIfUsingFullClasspath=null), org.gradle.category=library, org.gradle.libraryelements=jar, org.gradle.status=release, org.gradle.usage=java-runtime}.
      > Execution failed for DexingWithClasspathTransform: C:\Users\slabl\.gradle\caches\8.9\transforms\5922873d0c14ccb99c56b7813c79107f\transformed\jetified-kotlin-stdlib-1.9.10.jar.
         > Error while dexing.
   > Failed to transform jdom2-2.0.6.1.jar (org.jdom:jdom2:2.0.6.1) to match attributes {artifactType=android-dex, dexing-component-attributes=ComponentSpecificParameters(minSdkVersion=21, debuggable=true, 
enableCoreLibraryDesugaring=false, enableGlobalSynthetics=false, enableApiModeling=false, dependenciesClassesAreInstrumented=false, asmTransformComponent=null, useJacocoTransformInstrumentation=false, enableDesugaring=true, needsClasspath=true, useFullClasspath=false, componentIfUsingFullClasspath=null), org.gradle.category=library, org.gradle.libraryelements=jar, org.gradle.status=release, org.gradle.usage=java-runtime}.
      > Execution failed for DexingWithClasspathTransform: C:\Users\slabl\.gradle\caches\8.9\transforms\a4782cf8334e0cac6d5ec2c4372a0de8\transformed\jetified-jdom2-2.0.6.1.jar.
         > Error while dexing.
   > Failed to transform json-smart-2.5.0.jar (net.minidev:json-smart:2.5.0) to match attributes {artifactType=android-dex, dexing-component-attributes=ComponentSpecificParameters(minSdkVersion=21, debuggable=true, enableCoreLibraryDesugaring=false, enableGlobalSynthetics=false, enableApiModeling=false, dependenciesClassesAreInstrumented=false, asmTransformComponent=null, useJacocoTransformInstrumentation=false, enableDesugaring=true, needsClasspath=true, useFullClasspath=false, componentIfUsingFullClasspath=null), org.gradle.category=library, org.gradle.libraryelements=jar, org.gradle.status=release, org.gradle.usage=java-runtime}.
      > Execution failed for DexingWithClasspathTransform: C:\Users\slabl\.gradle\caches\8.9\transforms\352f7e59a1a47ff1ed93c192106b788b\transformed\jetified-json-smart-2.5.0.jar.
         > Error while dexing.
   > Failed to transform slf4j-api-2.0.11.jar (org.slf4j:slf4j-api:2.0.11) to match attributes {artifactType=android-dex, dexing-component-attributes=ComponentSpecificParameters(minSdkVersion=21, debuggable=true, enableCoreLibraryDesugaring=false, enableGlobalSynthetics=false, enableApiModeling=false, dependenciesClassesAreInstrumented=false, asmTransformComponent=null, useJacocoTransformInstrumentation=false, enableDesugaring=true, needsClasspath=true, useFullClasspath=false, componentIfUsingFullClasspath=null), org.gradle.category=library, org.gradle.libraryelements=jar, org.gradle.status=release, org.gradle.usage=java-runtime}.
      > Execution failed for DexingWithClasspathTransform: C:\Users\slabl\.gradle\caches\8.9\transforms\e5a3c331dba151850ff6223ef4ce418a\transformed\jetified-slf4j-api-2.0.11.jar.
         > Error while dexing.
   > Failed to transform annotations-13.0.jar (org.jetbrains:annotations:13.0) to match attributes {artifactType=android-dex, dexing-component-attributes=ComponentSpecificParameters(minSdkVersion=21, debuggable=true, enableCoreLibraryDesugaring=false, enableGlobalSynthetics=false, enableApiModeling=false, dependenciesClassesAreInstrumented=false, asmTransformComponent=null, useJacocoTransformInstrumentation=false, enableDesugaring=true, needsClasspath=true, useFullClasspath=false, componentIfUsingFullClasspath=null), org.gradle.category=library, org.gradle.libraryelements=jar, org.gradle.status=release, org.gradle.usage=java-runtime}.
      > Execution failed for DexingWithClasspathTransform: C:\Users\slabl\.gradle\caches\8.9\transforms\fb7abe64c4f5d33c4d1934af45b2b65e\transformed\jetified-annotations-13.0.jar.
         > Error while dexing.
   > Failed to transform listenablefuture-1.0.jar (com.google.guava:listenablefuture:1.0) to match attributes {artifactType=android-dex, dexing-component-attributes=ComponentSpecificParameters(minSdkVersion=21, debuggable=true, enableCoreLibraryDesugaring=false, enableGlobalSynthetics=false, enableApiModeling=false, dependenciesClassesAreInstrumented=false, asmTransformComponent=null, useJacocoTransformInstrumentation=false, enableDesugaring=true, needsClasspath=true, useFullClasspath=false, componentIfUsingFullClasspath=null), org.gradle.category=library, org.gradle.libraryelements=jar, org.gradle.status=release, org.gradle.usage=java-runtime}.
      > Execution failed for DexingWithClasspathTransform: C:\Users\slabl\.gradle\caches\8.9\transforms\989a1a8f714a1e18d51e533e832af369\transformed\jetified-listenablefuture-1.0.jar.
         > Error while dexing.
   > Failed to transform accessors-smart-2.5.0.jar (net.minidev:accessors-smart:2.5.0) to match attributes {artifactType=android-dex, dexing-component-attributes=ComponentSpecificParameters(minSdkVersion=21, debuggable=true, enableCoreLibraryDesugaring=false, enableGlobalSynthetics=false, enableApiModeling=false, dependenciesClassesAreInstrumented=false, asmTransformComponent=null, useJacocoTransformInstrumentation=false, enableDesugaring=true, needsClasspath=true, useFullClasspath=false, componentIfUsingFullClasspath=null), org.gradle.category=library, org.gradle.libraryelements=jar, org.gradle.status=release, org.gradle.usage=java-runtime}.
      > Execution failed for DexingWithClasspathTransform: C:\Users\slabl\.gradle\caches\8.9\transforms\83298e24b7a19ccc45c015a1b7415178\transformed\jetified-accessors-smart-2.5.0.jar.
         > Error while dexing.
   > Failed to transform asm-9.3.jar (org.ow2.asm:asm:9.3) to match attributes {artifactType=android-dex, dexing-component-attributes=ComponentSpecificParameters(minSdkVersion=21, debuggable=true, enableCoreLibraryDesugaring=false, enableGlobalSynthetics=false, enableApiModeling=false, dependenciesClassesAreInstrumented=false, asmTransformComponent=null, useJacocoTransformInstrumentation=false, enableDesugaring=true, needsClasspath=true, useFullClasspath=false, componentIfUsingFullClasspath=null), org.gradle.category=library, org.gradle.libraryelements=jar, org.gradle.status=release, org.gradle.usage=java-runtime}.
      > Execution failed for DexingWithClasspathTransform: C:\Users\slabl\.gradle\caches\8.9\transforms\7c39d83cf8443f5bf4b8edd10b392070\transformed\jetified-asm-9.3.jar.
         > Error while dexing.

* Try:
> Run with --stacktrace option to get the stack trace.
> Run with --info or --debug option to get more log output.
> Run with --scan to get full insights.
> Get more help at https://help.gradle.org.

Deprecated Gradle features were used in this build, making it incompatible with Gradle 9.0.

You can use '--warning-mode all' to show the individual deprecation warnings and determine if they come from your own scripts or plugins.

For more on this, please refer to https://docs.gradle.org/8.9/userguide/command_line_interface.html#sec:command_line_warnings in the Gradle documentation.

BUILD FAILED in 29s
20 actionable tasks: 20 executed